

*******************************************************************************
Mon Oct 15 15:08:23 2018


FIT:    data read from "fit_data.dat" u 1:2
        format = x:z
        #datapoints = 4
        residuals are weighted equally (unit weight)

function used for fitting: f(x)
	f(x)=a*x^b
fitted parameters initialized with current variable values



*******************************************************************************
Mon Oct 15 15:08:57 2018


FIT:    data read from "fit_data.dat" u 1:2
        format = x:z
        #datapoints = 4
        residuals are weighted equally (unit weight)

function used for fitting: f(x)
	f(x)=a*x**b
fitted parameters initialized with current variable values

iter      chisq       delta/lim  lambda   a             b            
   0 9.0909089971e+16   0.00e+00  2.10e+09    1.000000e+00   1.000000e+00
 307 1.3981856894e-05  -1.56e-05  2.10e-04    3.277714e+01  -3.491030e-01

After 307 iterations the fit converged.
final sum of squares of residuals : 1.39819e-05
rel. change during last iteration : -1.56458e-10

degrees of freedom    (FIT_NDF)                        : 2
rms of residuals      (FIT_STDFIT) = sqrt(WSSR/ndf)    : 0.00264404
variance of residuals (reduced chisquare) = WSSR/ndf   : 6.99093e-06

Final set of parameters            Asymptotic Standard Error
=======================            ==========================
a               = 32.7771          +/- 2.077        (6.337%)
b               = -0.349103        +/- 0.004801     (1.375%)

correlation matrix of the fit parameters:
                a      b      
a               1.000 
b              -0.996  1.000 
